<?xml version="1.0" encoding="UTF-8"?>
<!-- Generated by org.testng.reporters.JUnitReportReporter -->
<testsuite hostname="DESKTOP-L2M5U0G" failures="0" tests="2" name="com.test.MavenPgm.MultiTest" time="17.788" errors="0" timestamp="2022-11-27T05:34:54 AEDT" skipped="0">
  <testcase classname="com.test.MavenPgm.MultiTest" name="SelectDropDown" time="7.388"/>
  <system-out/>
  <testcase classname="com.test.MavenPgm.MultiTest" name="MouseHovering" time="10.400"/>
  <system-out/>
</testsuite> <!-- com.test.MavenPgm.MultiTest -->
