<?xml version="1.0" encoding="UTF-8"?>
<!-- Generated by org.testng.reporters.JUnitReportReporter -->
<testsuite hostname="DESKTOP-L2M5U0G" failures="0" tests="1" name="com.test.MavenPgm.DoubleClick" time="6.761" errors="0" timestamp="2022-11-27T05:29:52 AEDT" skipped="0">
  <testcase classname="com.test.MavenPgm.DoubleClick" name="DoubleClicks" time="6.761"/>
  <system-out/>
</testsuite> <!-- com.test.MavenPgm.DoubleClick -->
